Removed Pin From Net: NetName=FPGA_HEADER65 Pin=FPGA-J6
Removed Pin From Net: NetName=FPGA_HEADER25 Pin=FPGA-M13
Removed Pin From Net: NetName=FPGA_HEADER26 Pin=FPGA-P15
Removed Pin From Net: NetName=FPGA_HEADER27 Pin=FPGA-P16
Removed Pin From Net: NetName=FPGA.WRITE Pin=FPGA-T6
Removed Pin From Net: NetName=DATA_MEM.ENABLE Pin=MEM_DMEM-17
Removed Pin From Net: NetName=GND Pin=MEM_DMEM-39
Removed Pin From Net: NetName=GND Pin=MEM_DMEM-40
Removed Pin From Net: NetName=GND Pin=MEM_IMEM0-39
Removed Pin From Net: NetName=GND Pin=MEM_IMEM0-40
Removed Pin From Net: NetName=GND Pin=MEM_IMEM1-39
Removed Pin From Net: NetName=GND Pin=MEM_IMEM1-40
Removed Member From Class: ClassName=FPGA.ADDR[0..19] Member=FPGA.ADDR19
Added Pin To Net: NetName=DATA_MEM.WRITE Pin=MEM_DMEM-17
Change Net Name : Old Net Name=FPGA.ADDR19 New Net Name=FPGA.LBUB
Change Net Name : Old Net Name=FPGA.STATE2 New Net Name=FPGA.PROCEN
Change Net Name : Old Net Name=H_FPGA_ADDR19 New Net Name=H_FPGA_LBUB
Change Net Name : Old Net Name=H_FPGA_STATE_2 New Net Name=H_FPGA_PROCEN
Added Pin To Net: NetName=DATA_MEM.LBUB Pin=FPGA-J6
Added Pin To Net: NetName=DATA_MEM.LBUB Pin=MEM_DMEM-39
Added Pin To Net: NetName=DATA_MEM.LBUB Pin=MEM_DMEM-40
Added Net: Name=DATA_MEM.LBUB
Added Pin To Net: NetName=FPGA_INST_LBUB Pin=FPGA-N14
Added Pin To Net: NetName=FPGA_INST_LBUB Pin=MEM_IMEM0-39
Added Pin To Net: NetName=FPGA_INST_LBUB Pin=MEM_IMEM0-40
Added Pin To Net: NetName=FPGA_INST_LBUB Pin=MEM_IMEM1-39
Added Pin To Net: NetName=FPGA_INST_LBUB Pin=MEM_IMEM1-40
Added Net: Name=FPGA_INST_LBUB
Added Pin To Net: NetName=INST_MEM0.ENABLE Pin=FPGA-L14
Added Pin To Net: NetName=INST_MEM0.ENABLE Pin=MEM_IMEM0-6
Added Net: Name=INST_MEM0.ENABLE
Added Pin To Net: NetName=INST_MEM0.WRITE Pin=FPGA-P15
Added Pin To Net: NetName=INST_MEM0.WRITE Pin=MEM_IMEM0-17
Added Net: Name=INST_MEM0.WRITE
Added Pin To Net: NetName=INST_MEM1.ENABLE Pin=FPGA-M13
Added Pin To Net: NetName=INST_MEM1.ENABLE Pin=MEM_IMEM1-6
Added Net: Name=INST_MEM1.ENABLE
Added Pin To Net: NetName=INST_MEM1.WRITE Pin=FPGA-P16
Added Pin To Net: NetName=INST_MEM1.WRITE Pin=MEM_IMEM1-17
Added Net: Name=INST_MEM1.WRITE
Added Pin To Net: NetName=NetFPGA_T6 Pin=FPGA-T6
Added Net: Name=NetFPGA_T6
Change Class Name : Old Net Name=FPGA.ADDR[0..19] New Net Name=FPGA.ADDR[0..18]
Added Class: Name=FPGA.STATE[0..1]
Added Room: Name=HEADERS
Added Room: Name=SCU
Added Room: Name=U_decoupling
